<?xml version="1.0" encoding="UTF-8"?>
<testsuite xmlns:xsi="http://www.w3.org/2001/XMLSchema-instance" xsi:noNamespaceSchemaLocation="https://maven.apache.org/surefire/maven-surefire-plugin/xsd/surefire-test-report.xsd" name="com.musalasoft.drones.rest.RestDroneTest" time="21.747" tests="5" errors="5" skipped="0" failures="0">
  <properties>
[...]
</properties>
  <testcase name="registerDrone" classname="com.musalasoft.drones.rest.RestDroneTest" time="5.375">
    <error message="Connect to localhost:10080 [localhost/127.0.0.1, localhost/0:0:0:0:0:0:0:1] failed: Connection refused: connect" type="org.apache.http.conn.HttpHostConnectException">org.apache.http.conn.HttpHostConnectException: Connect to localhost:10080 [localhost/127.0.0.1, localhost/0:0:0:0:0:0:0:1] failed: Connection refused: connect
	at com.musalasoft.drones.rest.RestDroneTest.registerDrone(RestDroneTest.java:60)
Caused by: java.net.ConnectException: Connection refused: connect
	at com.musalasoft.drones.rest.RestDroneTest.registerDrone(RestDroneTest.java:60)
</error>
  </testcase>
  <testcase name="checkBatteryLevel" classname="com.musalasoft.drones.rest.RestDroneTest" time="4.068">
    <error message="Connect to localhost:10080 [localhost/127.0.0.1, localhost/0:0:0:0:0:0:0:1] failed: Connection refused: connect" type="org.apache.http.conn.HttpHostConnectException">org.apache.http.conn.HttpHostConnectException: Connect to localhost:10080 [localhost/127.0.0.1, localhost/0:0:0:0:0:0:0:1] failed: Connection refused: connect
	at com.musalasoft.drones.rest.RestDroneTest.checkBatteryLevel(RestDroneTest.java:89)
Caused by: java.net.ConnectException: Connection refused: connect
	at com.musalasoft.drones.rest.RestDroneTest.checkBatteryLevel(RestDroneTest.java:89)
</error>
  </testcase>
  <testcase name="listMedicationByDrone" classname="com.musalasoft.drones.rest.RestDroneTest" time="4.04">
    <error message="Connect to localhost:10080 [localhost/127.0.0.1, localhost/0:0:0:0:0:0:0:1] failed: Connection refused: connect" type="org.apache.http.conn.HttpHostConnectException">org.apache.http.conn.HttpHostConnectException: Connect to localhost:10080 [localhost/127.0.0.1, localhost/0:0:0:0:0:0:0:1] failed: Connection refused: connect
	at com.musalasoft.drones.rest.RestDroneTest.listMedicationByDrone(RestDroneTest.java:99)
Caused by: java.net.ConnectException: Connection refused: connect
	at com.musalasoft.drones.rest.RestDroneTest.listMedicationByDrone(RestDroneTest.java:99)
</error>
  </testcase>
  <testcase name="listavailable" classname="com.musalasoft.drones.rest.RestDroneTest" time="4.077">
    <error message="Connect to localhost:10080 [localhost/127.0.0.1, localhost/0:0:0:0:0:0:0:1] failed: Connection refused: connect" type="org.apache.http.conn.HttpHostConnectException">org.apache.http.conn.HttpHostConnectException: Connect to localhost:10080 [localhost/127.0.0.1, localhost/0:0:0:0:0:0:0:1] failed: Connection refused: connect
	at com.musalasoft.drones.rest.RestDroneTest.listavailable(RestDroneTest.java:108)
Caused by: java.net.ConnectException: Connection refused: connect
	at com.musalasoft.drones.rest.RestDroneTest.listavailable(RestDroneTest.java:108)
</error>
  </testcase>
  <testcase name="loadDrone" classname="com.musalasoft.drones.rest.RestDroneTest" time="4.054">
    <error message="Connect to localhost:10080 [localhost/127.0.0.1, localhost/0:0:0:0:0:0:0:1] failed: Connection refused: connect" type="org.apache.http.conn.HttpHostConnectException">org.apache.http.conn.HttpHostConnectException: Connect to localhost:10080 [localhost/127.0.0.1, localhost/0:0:0:0:0:0:0:1] failed: Connection refused: connect
	at com.musalasoft.drones.rest.RestDroneTest.loadDrone(RestDroneTest.java:81)
Caused by: java.net.ConnectException: Connection refused: connect
	at com.musalasoft.drones.rest.RestDroneTest.loadDrone(RestDroneTest.java:81)
</error>
  </testcase>
</testsuite>